TN:
SF:src\App.tsx
FN:7,App
FN:15,(anonymous_1)
FNF:2
FNH:1
FNDA:2,App
FNDA:0,(anonymous_1)
DA:8,2
DA:10,1
DA:16,0
LF:3
LH:2
BRDA:19,0,0,1
BRDA:19,0,1,0
BRDA:22,1,0,1
BRDA:22,1,1,0
BRF:4
BRH:2
end_of_record
TN:
SF:src\interfaces\question.ts
FNF:0
FNH:0
LF:0
LH:0
BRF:0
BRH:0
end_of_record
TN:
SF:src\interfaces\quiz.ts
FNF:0
FNH:0
LF:0
LH:0
BRF:0
BRH:0
end_of_record
TN:
SF:src\quizzer\AddQuizModal.tsx
FN:10,(anonymous_0)
FN:18,(anonymous_1)
FN:36,(anonymous_2)
FN:45,(anonymous_3)
FN:54,(anonymous_4)
FNF:5
FNH:2
FNDA:32,(anonymous_0)
FNDA:1,(anonymous_1)
FNDA:0,(anonymous_2)
FNDA:0,(anonymous_3)
FNDA:0,(anonymous_4)
DA:10,2
DA:15,32
DA:16,32
DA:18,32
DA:19,1
DA:20,1
DA:21,1
DA:22,1
DA:25,32
DA:38,0
DA:47,0
DA:55,0
DA:56,0
DA:57,0
LF:14
LH:9
BRF:0
BRH:0
end_of_record
TN:
SF:src\quizzer\QuestionEdit.tsx
FN:15,(anonymous_0)
FN:24,(anonymous_1)
FN:27,(anonymous_2)
FN:39,(anonymous_3)
FN:49,(anonymous_4)
FN:54,(anonymous_5)
FN:67,(anonymous_6)
FN:90,(anonymous_7)
FN:163,(anonymous_8)
FN:178,(anonymous_9)
FN:197,(anonymous_10)
FN:217,(anonymous_11)
FN:226,(anonymous_12)
FN:242,(anonymous_13)
FN:251,(anonymous_14)
FNF:15
FNH:6
FNDA:54,(anonymous_0)
FNDA:53,(anonymous_1)
FNDA:0,(anonymous_2)
FNDA:1,(anonymous_3)
FNDA:0,(anonymous_4)
FNDA:0,(anonymous_5)
FNDA:0,(anonymous_6)
FNDA:0,(anonymous_7)
FNDA:0,(anonymous_8)
FNDA:81,(anonymous_9)
FNDA:0,(anonymous_10)
FNDA:2,(anonymous_11)
FNDA:0,(anonymous_12)
FNDA:1,(anonymous_13)
FNDA:0,(anonymous_14)
DA:15,2
DA:23,54
DA:24,53
DA:27,54
DA:28,0
DA:30,0
DA:31,0
DA:39,54
DA:40,1
DA:41,1
DA:49,54
DA:50,0
DA:51,0
DA:54,54
DA:58,0
DA:59,0
DA:60,0
DA:67,54
DA:68,0
DA:69,0
DA:70,0
DA:76,54
DA:93,0
DA:166,0
DA:179,81
DA:200,0
DA:218,2
DA:227,0
DA:243,1
DA:252,0
LF:30
LH:14
BRDA:30,0,0,0
BRDA:30,0,1,0
BRDA:63,1,0,0
BRDA:63,1,1,0
BRDA:112,2,0,13
BRDA:112,2,1,41
BRDA:143,3,0,54
BRDA:143,3,1,27
BRDA:158,4,0,54
BRDA:158,4,1,27
BRDA:174,5,0,54
BRDA:174,5,1,27
BRF:12
BRH:8
end_of_record
TN:
SF:src\quizzer\QuizCard.tsx
FN:18,(anonymous_0)
FN:20,(anonymous_1)
FN:29,(anonymous_2)
FNF:3
FNH:3
FNDA:90,(anonymous_0)
FNDA:356,(anonymous_1)
FNDA:10,(anonymous_2)
DA:18,2
DA:19,90
DA:21,356
DA:24,90
DA:30,10
LF:5
LH:5
BRDA:21,0,0,356
BRDA:21,0,1,302
BRDA:21,0,2,160
BRDA:37,1,0,90
BRDA:37,1,1,0
BRF:5
BRH:4
end_of_record
TN:
SF:src\quizzer\QuizEdit.tsx
FN:9,(anonymous_0)
FN:24,(anonymous_1)
FN:27,(anonymous_2)
FN:34,(anonymous_3)
FN:37,(anonymous_4)
FN:41,(anonymous_5)
FN:45,(anonymous_6)
FN:49,(anonymous_7)
FN:67,(anonymous_8)
FN:84,(anonymous_9)
FN:99,(anonymous_10)
FN:107,(anonymous_11)
FN:123,(anonymous_12)
FN:149,(anonymous_13)
FN:162,(anonymous_14)
FNF:15
FNH:11
FNDA:13,(anonymous_0)
FNDA:2,(anonymous_1)
FNDA:8,(anonymous_2)
FNDA:0,(anonymous_3)
FNDA:0,(anonymous_4)
FNDA:5,(anonymous_5)
FNDA:2,(anonymous_6)
FNDA:8,(anonymous_7)
FNDA:0,(anonymous_8)
FNDA:2,(anonymous_9)
FNDA:0,(anonymous_10)
FNDA:54,(anonymous_11)
FNDA:1,(anonymous_12)
FNDA:5,(anonymous_13)
FNDA:1,(anonymous_14)
DA:9,2
DA:22,13
DA:24,13
DA:25,2
DA:28,8
DA:34,13
DA:35,0
DA:37,0
DA:41,13
DA:42,5
DA:45,13
DA:46,2
DA:50,8
DA:51,6
DA:52,4
DA:58,13
DA:70,0
DA:87,2
DA:100,0
DA:108,54
DA:124,1
DA:150,5
DA:151,5
DA:163,1
DA:164,1
LF:25
LH:21
BRDA:28,0,0,2
BRDA:28,0,1,6
BRDA:50,1,0,2
BRDA:50,1,1,6
BRDA:51,2,0,2
BRDA:51,2,1,4
BRF:6
BRH:6
end_of_record
TN:
SF:src\quizzer\QuizExpanded.tsx
FN:9,(anonymous_0)
FN:21,(anonymous_1)
FN:30,(anonymous_2)
FN:37,(anonymous_3)
FN:41,(anonymous_4)
FN:42,(anonymous_5)
FN:45,(anonymous_6)
FN:50,(anonymous_7)
FN:57,(anonymous_8)
FN:60,(anonymous_9)
FN:80,(anonymous_10)
FN:97,(anonymous_11)
FNF:12
FNH:12
FNDA:20,(anonymous_0)
FNDA:81,(anonymous_1)
FNDA:2,(anonymous_2)
FNDA:46,(anonymous_3)
FNDA:2,(anonymous_4)
FNDA:2,(anonymous_5)
FNDA:7,(anonymous_6)
FNDA:28,(anonymous_7)
FNDA:2,(anonymous_8)
FNDA:8,(anonymous_9)
FNDA:6,(anonymous_10)
FNDA:46,(anonymous_11)
DA:9,2
DA:20,20
DA:22,81
DA:25,20
DA:26,20
DA:30,20
DA:31,2
DA:32,2
DA:33,2
DA:36,20
DA:37,46
DA:41,20
DA:42,2
DA:45,20
DA:46,7
DA:47,7
DA:50,28
DA:54,7
DA:57,20
DA:58,2
DA:61,8
DA:66,20
DA:81,6
DA:82,6
DA:98,46
LF:25
LH:25
BRDA:22,0,0,81
BRDA:22,0,1,72
BRDA:22,0,2,44
BRDA:61,1,0,2
BRDA:61,1,1,6
BRDA:73,2,0,20
BRDA:73,2,1,0
BRF:7
BRH:6
end_of_record
TN:
SF:src\quizzer\QuizList.tsx
FN:8,(anonymous_0)
FN:20,(anonymous_1)
FN:24,(anonymous_2)
FN:32,(anonymous_3)
FN:44,(anonymous_4)
FNF:5
FNH:5
FNDA:42,(anonymous_0)
FNDA:10,(anonymous_1)
FNDA:1,(anonymous_2)
FNDA:90,(anonymous_3)
FNDA:210,(anonymous_4)
DA:8,2
DA:18,42
DA:20,42
DA:21,10
DA:24,42
DA:25,1
DA:28,42
DA:33,90
DA:45,210
DA:46,24
DA:56,186
LF:11
LH:11
BRDA:30,0,0,42
BRDA:30,0,1,18
BRDA:45,1,0,24
BRDA:45,1,1,186
BRF:4
BRH:4
end_of_record
TN:
SF:src\quizzer\QuizQuestion.tsx
FN:17,(anonymous_0)
FN:25,(anonymous_1)
FN:31,(anonymous_2)
FN:63,(anonymous_3)
FNF:4
FNH:4
FNDA:46,(anonymous_0)
FNDA:2,(anonymous_1)
FNDA:2,(anonymous_2)
FNDA:72,(anonymous_3)
DA:17,2
DA:25,46
DA:26,2
DA:27,2
DA:31,46
DA:32,2
DA:33,2
DA:34,2
DA:38,46
DA:64,72
LF:10
LH:10
BRDA:26,0,0,2
BRDA:26,0,1,0
BRDA:33,1,0,2
BRDA:33,1,1,0
BRDA:47,2,0,3
BRDA:47,2,1,43
BRDA:51,3,0,46
BRDA:51,3,1,22
BRDA:60,4,0,46
BRDA:60,4,1,24
BRDA:78,5,0,2
BRDA:78,5,1,44
BRDA:79,6,0,4
BRDA:79,6,1,42
BRF:14
BRH:12
end_of_record
TN:
SF:src\quizzer\QuizView.tsx
FN:8,(anonymous_0)
FN:19,(anonymous_1)
FNF:2
FNH:2
FNDA:24,(anonymous_0)
FNDA:11,(anonymous_1)
DA:8,2
DA:17,24
DA:19,24
DA:20,11
DA:23,24
LF:5
LH:5
BRDA:25,0,0,24
BRDA:25,0,1,6
BRDA:34,1,0,24
BRDA:34,1,1,18
BRF:4
BRH:4
end_of_record
TN:
SF:src\quizzer\Quizzer.tsx
FN:11,(anonymous_0)
FN:14,(anonymous_1)
FN:23,(anonymous_2)
FN:27,editQuiz
FN:29,(anonymous_4)
FN:33,addQuiz
FN:38,deleteQuiz
FN:39,(anonymous_7)
FN:42,(anonymous_8)
FN:43,(anonymous_9)
FNF:10
FNH:10
FNDA:10,(anonymous_0)
FNDA:40,(anonymous_1)
FNDA:34,(anonymous_2)
FNDA:14,editQuiz
FNDA:70,(anonymous_4)
FNDA:1,addQuiz
FNDA:1,deleteQuiz
FNDA:5,(anonymous_7)
FNDA:1,(anonymous_8)
FNDA:1,(anonymous_9)
DA:10,2
DA:11,10
DA:14,40
DA:23,2
DA:24,34
DA:25,32
DA:28,14
DA:29,70
DA:34,1
DA:35,1
DA:39,5
DA:42,32
DA:43,32
DA:45,32
LF:14
LH:14
BRDA:29,0,0,14
BRDA:29,0,1,56
BRF:2
BRH:2
end_of_record
